#
# There is insufficient memory for the Java Runtime Environment to continue.
# Native memory allocation (malloc) failed to allocate 1096160 bytes for Chunk::new
# Possible reasons:
#   The system is out of physical RAM or swap space
#   In 32 bit mode, the process size limit was hit
# Possible solutions:
#   Reduce memory load on the system
#   Increase physical memory or swap space
#   Check if swap backing store is full
#   Use 64 bit Java on a 64 bit OS
#   Decrease Java heap size (-Xmx/-Xms)
#   Decrease number of Java threads
#   Decrease Java thread stack sizes (-Xss)
#   Set larger code cache with -XX:ReservedCodeCacheSize=
# This output file may be truncated or incomplete.
#
#  Out of Memory Error (allocation.cpp:390), pid=7160, tid=0x0000000000001944
#
# JRE version: OpenJDK Runtime Environment (8.0_152-b01) (build 1.8.0_152-release-1343-b01)
# Java VM: OpenJDK 64-Bit Server VM (25.152-b01 mixed mode windows-amd64 compressed oops)
# Failed to write core dump. Minidumps are not enabled by default on client versions of Windows
#

---------------  T H R E A D  ---------------

Current thread (0x000000001648d800):  JavaThread "C2 CompilerThread1" daemon [_thread_in_native, id=6468, stack(0x0000000017f00000,0x0000000018000000)]

Stack: [0x0000000017f00000,0x0000000018000000]
[error occurred during error reporting (printing stack bounds), id 0xc0000005]

Native frames: (J=compiled Java code, j=interpreted, Vv=VM code, C=native code)


Current CompileTask:
C2:5749580 21321       4       org.codehaus.groovy.runtime.metaclass.MetaMethodIndex::addMethodToList (298 bytes)


---------------  P R O C E S S  ---------------

Java Threads: ( => current thread )
  0x0000000018e17000 JavaThread "Cache worker for file hash cache (C:\Users\yangtianhua\AndroidStudioProjects\Student\.gradle\5.1.1\fileHashes)" [_thread_blocked, id=9396, stack(0x000000003a600000,0x000000003a700000)]
  0x0000000018e0e800 JavaThread "Thread-272" [_thread_blocked, id=10936, stack(0x000000003a500000,0x000000003a600000)]
  0x0000000018e14800 JavaThread "Stdin handler" [_thread_blocked, id=13172, stack(0x000000003a400000,0x000000003a500000)]
  0x0000000018e0d000 JavaThread "Asynchronous log dispatcher for DefaultDaemonConnection: socket connection from /127.0.0.1:64802 to /127.0.0.1:50924" [_thread_blocked, id=7592, stack(0x000000003a300000,0x000000003a400000)]
  0x0000000018e13000 JavaThread "Daemon worker Thread 10" [_thread_in_Java, id=1040, stack(0x000000003a200000,0x000000003a300000)]
  0x0000000018e13800 JavaThread "Cancel handler" [_thread_blocked, id=5816, stack(0x000000003a100000,0x000000003a200000)]
  0x0000000018e0d800 JavaThread "Handler for socket connection from /127.0.0.1:64802 to /127.0.0.1:50924" [_thread_in_native, id=9788, stack(0x000000003a000000,0x000000003a100000)]
  0x0000000018e0b800 JavaThread "Daemon Thread 10" [_thread_blocked, id=11432, stack(0x0000000039f00000,0x000000003a000000)]
  0x000000001c06e000 JavaThread "Cache worker for Java compile cache (C:\Users\yangtianhua\.gradle\caches\5.1.1\javaCompile)" [_thread_blocked, id=15436, stack(0x000000002c500000,0x000000002c600000)]
  0x0000000018e11800 JavaThread "Cache worker for file content cache (C:\Users\yangtianhua\.gradle\caches\5.1.1\fileContent)" [_thread_blocked, id=10536, stack(0x0000000021bd0000,0x0000000021cd0000)]
  0x0000000018e0c000 JavaThread "Memory manager" [_thread_blocked, id=8164, stack(0x0000000021ad0000,0x0000000021bd0000)]
  0x0000000019413000 JavaThread "Cache worker for execution history cache (C:\Users\yangtianhua\.gradle\caches\5.1.1\executionHistory)" [_thread_blocked, id=2272, stack(0x000000001fdd0000,0x000000001fed0000)]
  0x0000000019413800 JavaThread "Cache worker for journal cache (C:\Users\yangtianhua\.gradle\caches\journal-1)" [_thread_blocked, id=11660, stack(0x000000001ba80000,0x000000001bb80000)]
  0x0000000019415000 JavaThread "File lock request listener" [_thread_in_native, id=9592, stack(0x000000001b980000,0x000000001ba80000)]
  0x00000000193fc000 JavaThread "Cache worker for file hash cache (C:\Users\yangtianhua\.gradle\caches\5.1.1\fileHashes)" [_thread_blocked, id=16176, stack(0x000000001b880000,0x000000001b980000)]
  0x0000000018c1b000 JavaThread "Daemon periodic checks" [_thread_blocked, id=10384, stack(0x000000001ae80000,0x000000001af80000)]
  0x0000000018c19800 JavaThread "Incoming local TCP Connector on port 64802" [_thread_in_native, id=14064, stack(0x0000000019af0000,0x0000000019bf0000)]
  0x000000001788b000 JavaThread "Service Thread" daemon [_thread_blocked, id=9196, stack(0x0000000018100000,0x0000000018200000)]
  0x0000000017811800 JavaThread "C1 CompilerThread2" daemon [_thread_blocked, id=4428, stack(0x0000000018000000,0x0000000018100000)]
=>0x000000001648d800 JavaThread "C2 CompilerThread1" daemon [_thread_in_native, id=6468, stack(0x0000000017f00000,0x0000000018000000)]
  0x000000001648a000 JavaThread "C2 CompilerThread0" daemon [_thread_blocked, id=14516, stack(0x0000000017e00000,0x0000000017f00000)]
  0x000000001643f000 JavaThread "Attach Listener" daemon [_thread_blocked, id=7248, stack(0x0000000017d00000,0x0000000017e00000)]
  0x0000000017808800 JavaThread "Signal Dispatcher" daemon [_thread_blocked, id=10320, stack(0x0000000017c00000,0x0000000017d00000)]
  0x0000000002a5c000 JavaThread "Finalizer" daemon [_thread_blocked, id=6896, stack(0x00000000176a0000,0x00000000177a0000)]
  0x0000000002a51000 JavaThread "Reference Handler" daemon [_thread_blocked, id=12860, stack(0x00000000175a0000,0x00000000176a0000)]
  0x0000000002962800 JavaThread "main" [_thread_blocked, id=13432, stack(0x0000000002500000,0x0000000002600000)]

Other Threads:
  0x00000000163f7000 VMThread [stack: 0x00000000174a0000,0x00000000175a0000] [id=10640]
  0x000000001788c000 WatcherThread [stack: 0x0000000018200000,0x0000000018300000] [id=15904]

VM state:not at safepoint (normal execution)

VM Mutex/Monitor currently owned by a thread: None

Heap:
 PSYoungGen      total 145920K, used 19544K [0x00000000e0000000, 0x00000000eb000000, 0x0000000100000000)
  eden space 123904K, 7% used [0x00000000e0000000,0x00000000e096fda8,0x00000000e7900000)
  from space 22016K, 45% used [0x00000000e9a80000,0x00000000ea446c78,0x00000000eb000000)
  to   space 28160K, 0% used [0x00000000e7900000,0x00000000e7900000,0x00000000e9480000)
 ParOldGen       total 110592K, used 56831K [0x00000000a0000000, 0x00000000a6c00000, 0x00000000e0000000)
  object space 110592K, 51% used [0x00000000a0000000,0x00000000a377fcd8,0x00000000a6c00000)
 Metaspace       used 97201K, capacity 101786K, committed 101976K, reserved 1138688K
  class space    used 12281K, capacity 13104K, committed 13184K, reserved 1048576K

Card table byte_map: [0x0000000011e80000,0x0000000012190000] byte_map_base: 0x0000000011980000

Marking Bits: (ParMarkBitMap*) 0x000000005a2b5aa0
 Begin Bits: [0x0000000012790000, 0x0000000013f90000)
 End Bits:   [0x0000000013f90000, 0x0000000015790000)

Polling page: 0x0000000000dd0000

CodeCache: size=245760Kb used=54819Kb max_used=54842Kb free=190940Kb
 bounds [0x0000000002ac0000, 0x00000000060b0000, 0x0000000011ac0000]
 total_blobs=17631 nmethods=16713 adapters=829
 compilation: enabled

Compilation events (10 events):
Event: 5748.017 Thread 0x000000001648a000 nmethod 21323 0x0000000003c8c9d0 code [0x0000000003c8cb40, 0x0000000003c8ccf8]
Event: 5748.017 Thread 0x000000001648a000 21324       4       groovy.lang.MetaClassImpl$1MOPIter::methodNameAction (325 bytes)
Event: 5748.079 Thread 0x0000000017811800 21327       2       groovy.lang.MetaClassImpl::createMetaBeanProperty (35 bytes)
Event: 5748.108 Thread 0x0000000017811800 nmethod 21327 0x0000000003c34c90 code [0x0000000003c34e00, 0x0000000003c35048]
Event: 5748.108 Thread 0x0000000017811800 21329       2       groovy.lang.MetaClassImpl::filterPropertyMethod (305 bytes)
Event: 5748.113 Thread 0x0000000017811800 nmethod 21329 0x0000000004315bd0 code [0x0000000004315e00, 0x0000000004316708]
Event: 5748.113 Thread 0x0000000017811800 21328       2       groovy.lang.MetaClassImpl::makeReplacementMetaProperty (241 bytes)
Event: 5748.117 Thread 0x0000000017811800 nmethod 21328 0x0000000005f48c50 code [0x0000000005f48ea0, 0x0000000005f49b68]
Event: 5748.117 Thread 0x0000000017811800 21330       3       groovy.lang.MetaBeanProperty::setGetter (6 bytes)
Event: 5748.117 Thread 0x0000000017811800 nmethod 21330 0x00000000040b5190 code [0x00000000040b52e0, 0x00000000040b5450]

GC Heap History (10 events):
Event: 2452.879 GC heap before
{Heap before GC invocations=36 (full 4):
 PSYoungGen      total 182784K, used 152816K [0x00000000e0000000, 0x00000000ee900000, 0x0000000100000000)
  eden space 147968K, 100% used [0x00000000e0000000,0x00000000e9080000,0x00000000e9080000)
  from space 34816K, 13% used [0x00000000e9080000,0x00000000e953c010,0x00000000eb280000)
  to   space 34304K, 0% used [0x00000000ec780000,0x00000000ec780000,0x00000000ee900000)
 ParOldGen       total 110592K, used 54717K [0x00000000a0000000, 0x00000000a6c00000, 0x00000000e0000000)
  object space 110592K, 49% used [0x00000000a0000000,0x00000000a356f458,0x00000000a6c00000)
 Metaspace       used 88313K, capacity 91998K, committed 92248K, reserved 1130496K
  class space    used 11180K, capacity 11854K, committed 11904K, reserved 1048576K
Event: 2452.943 GC heap after
Heap after GC invocations=36 (full 4):
 PSYoungGen      total 150016K, used 2176K [0x00000000e0000000, 0x00000000ece80000, 0x0000000100000000)
  eden space 142848K, 0% used [0x00000000e0000000,0x00000000e0000000,0x00000000e8b80000)
  from space 7168K, 30% used [0x00000000ec780000,0x00000000ec9a0000,0x00000000ece80000)
  to   space 34304K, 0% used [0x00000000e8b80000,0x00000000e8b80000,0x00000000ead00000)
 ParOldGen       total 110592K, used 56799K [0x00000000a0000000, 0x00000000a6c00000, 0x00000000e0000000)
  object space 110592K, 51% used [0x00000000a0000000,0x00000000a3777cd8,0x00000000a6c00000)
 Metaspace       used 88313K, capacity 91998K, committed 92248K, reserved 1130496K
  class space    used 11180K, capacity 11854K, committed 11904K, reserved 1048576K
}
Event: 2480.503 GC heap before
{Heap before GC invocations=37 (full 4):
 PSYoungGen      total 150016K, used 145024K [0x00000000e0000000, 0x00000000ece80000, 0x0000000100000000)
  eden space 142848K, 100% used [0x00000000e0000000,0x00000000e8b80000,0x00000000e8b80000)
  from space 7168K, 30% used [0x00000000ec780000,0x00000000ec9a0000,0x00000000ece80000)
  to   space 34304K, 0% used [0x00000000e8b80000,0x00000000e8b80000,0x00000000ead00000)
 ParOldGen       total 110592K, used 56799K [0x00000000a0000000, 0x00000000a6c00000, 0x00000000e0000000)
  object space 110592K, 51% used [0x00000000a0000000,0x00000000a3777cd8,0x00000000a6c00000)
 Metaspace       used 88554K, capacity 92352K, committed 92504K, reserved 1130496K
  class space    used 11199K, capacity 11889K, committed 11904K, reserved 1048576K
Event: 2480.513 GC heap after
Heap after GC invocations=37 (full 4):
 PSYoungGen      total 143360K, used 5381K [0x00000000e0000000, 0x00000000ec800000, 0x0000000100000000)
  eden space 137728K, 0% used [0x00000000e0000000,0x00000000e0000000,0x00000000e8680000)
  from space 5632K, 95% used [0x00000000e8b80000,0x00000000e90c1418,0x00000000e9100000)
  to   space 32768K, 0% used [0x00000000ea800000,0x00000000ea800000,0x00000000ec800000)
 ParOldGen       total 110592K, used 56807K [0x00000000a0000000, 0x00000000a6c00000, 0x00000000e0000000)
  object space 110592K, 51% used [0x00000000a0000000,0x00000000a3779cd8,0x00000000a6c00000)
 Metaspace       used 88554K, capacity 92352K, committed 92504K, reserved 1130496K
  class space    used 11199K, capacity 11889K, committed 11904K, reserved 1048576K
}
Event: 2505.137 GC heap before
{Heap before GC invocations=38 (full 4):
 PSYoungGen      total 143360K, used 143109K [0x00000000e0000000, 0x00000000ec800000, 0x0000000100000000)
  eden space 137728K, 100% used [0x00000000e0000000,0x00000000e8680000,0x00000000e8680000)
  from space 5632K, 95% used [0x00000000e8b80000,0x00000000e90c1418,0x00000000e9100000)
  to   space 32768K, 0% used [0x00000000ea800000,0x00000000ea800000,0x00000000ec800000)
 ParOldGen       total 110592K, used 56807K [0x00000000a0000000, 0x00000000a6c00000, 0x00000000e0000000)
  object space 110592K, 51% used [0x00000000a0000000,0x00000000a3779cd8,0x00000000a6c00000)
 Metaspace       used 88688K, capacity 92550K, committed 92760K, reserved 1130496K
  class space    used 11205K, capacity 11900K, committed 11904K, reserved 1048576K
Event: 2505.158 GC heap after
Heap after GC invocations=38 (full 4):
 PSYoungGen      total 157696K, used 5136K [0x00000000e0000000, 0x00000000ec000000, 0x0000000100000000)
  eden space 133120K, 0% used [0x00000000e0000000,0x00000000e0000000,0x00000000e8200000)
  from space 24576K, 20% used [0x00000000ea800000,0x00000000ead04040,0x00000000ec000000)
  to   space 31744K, 0% used [0x00000000e8200000,0x00000000e8200000,0x00000000ea100000)
 ParOldGen       total 110592K, used 56815K [0x00000000a0000000, 0x00000000a6c00000, 0x00000000e0000000)
  object space 110592K, 51% used [0x00000000a0000000,0x00000000a377bcd8,0x00000000a6c00000)
 Metaspace       used 88688K, capacity 92550K, committed 92760K, reserved 1130496K
  class space    used 11205K, capacity 11900K, committed 11904K, reserved 1048576K
}
Event: 3204.095 GC heap before
{Heap before GC invocations=39 (full 4):
 PSYoungGen      total 157696K, used 138256K [0x00000000e0000000, 0x00000000ec000000, 0x0000000100000000)
  eden space 133120K, 100% used [0x00000000e0000000,0x00000000e8200000,0x00000000e8200000)
  from space 24576K, 20% used [0x00000000ea800000,0x00000000ead04040,0x00000000ec000000)
  to   space 31744K, 0% used [0x00000000e8200000,0x00000000e8200000,0x00000000ea100000)
 ParOldGen       total 110592K, used 56815K [0x00000000a0000000, 0x00000000a6c00000, 0x00000000e0000000)
  object space 110592K, 51% used [0x00000000a0000000,0x00000000a377bcd8,0x00000000a6c00000)
 Metaspace       used 93081K, capacity 97434K, committed 97496K, reserved 1134592K
  class space    used 11761K, capacity 12542K, committed 12544K, reserved 1048576K
Event: 3204.353 GC heap after
Heap after GC invocations=39 (full 4):
 PSYoungGen      total 138752K, used 10185K [0x00000000e0000000, 0x00000000eb780000, 0x0000000100000000)
  eden space 128512K, 0% used [0x00000000e0000000,0x00000000e0000000,0x00000000e7d80000)
  from space 10240K, 99% used [0x00000000e8200000,0x00000000e8bf2538,0x00000000e8c00000)
  to   space 29696K, 0% used [0x00000000e9a80000,0x00000000e9a80000,0x00000000eb780000)
 ParOldGen       total 110592K, used 56823K [0x00000000a0000000, 0x00000000a6c00000, 0x00000000e0000000)
  object space 110592K, 51% used [0x00000000a0000000,0x00000000a377dcd8,0x00000000a6c00000)
 Metaspace       used 93081K, capacity 97434K, committed 97496K, reserved 1134592K
  class space    used 11761K, capacity 12542K, committed 12544K, reserved 1048576K
}
Event: 4903.676 GC heap before
{Heap before GC invocations=40 (full 4):
 PSYoungGen      total 138752K, used 138697K [0x00000000e0000000, 0x00000000eb780000, 0x0000000100000000)
  eden space 128512K, 100% used [0x00000000e0000000,0x00000000e7d80000,0x00000000e7d80000)
  from space 10240K, 99% used [0x00000000e8200000,0x00000000e8bf2538,0x00000000e8c00000)
  to   space 29696K, 0% used [0x00000000e9a80000,0x00000000e9a80000,0x00000000eb780000)
 ParOldGen       total 110592K, used 56823K [0x00000000a0000000, 0x00000000a6c00000, 0x00000000e0000000)
  object space 110592K, 51% used [0x00000000a0000000,0x00000000a377dcd8,0x00000000a6c00000)
 Metaspace       used 97163K, capacity 101690K, committed 101976K, reserved 1138688K
  class space    used 12275K, capacity 13098K, committed 13184K, reserved 1048576K
Event: 4904.073 GC heap after
Heap after GC invocations=40 (full 4):
 PSYoungGen      total 145920K, used 10011K [0x00000000e0000000, 0x00000000eb000000, 0x0000000100000000)
  eden space 123904K, 0% used [0x00000000e0000000,0x00000000e0000000,0x00000000e7900000)
  from space 22016K, 45% used [0x00000000e9a80000,0x00000000ea446c78,0x00000000eb000000)
  to   space 28160K, 0% used [0x00000000e7900000,0x00000000e7900000,0x00000000e9480000)
 ParOldGen       total 110592K, used 56831K [0x00000000a0000000, 0x00000000a6c00000, 0x00000000e0000000)
  object space 110592K, 51% used [0x00000000a0000000,0x00000000a377fcd8,0x00000000a6c00000)
 Metaspace       used 97163K, capacity 101690K, committed 101976K, reserved 1138688K
  class space    used 12275K, capacity 13098K, committed 13184K, reserved 1048576K
}

Deoptimization events (10 events):
Event: 3236.403 Thread 0x000000001c06f800 Uncommon trap: reason=class_check action=maybe_recompile pc=0x000000000510605c method=com.google.common.collect.ImmutableList.hashCode()I @ 3
Event: 3236.403 Thread 0x000000001c06f800 Uncommon trap: reason=class_check action=maybe_recompile pc=0x000000000510605c method=com.google.common.collect.ImmutableList.hashCode()I @ 3
Event: 3236.519 Thread 0x0000000018e13800 Uncommon trap: reason=unstable_if action=reinterpret pc=0x000000000483f078 method=java.util.concurrent.locks.LockSupport.unpark(Ljava/lang/Thread;)V @ 1
Event: 3238.266 Thread 0x0000000018e10800 Uncommon trap: reason=unstable_if action=reinterpret pc=0x00000000046738ec method=com.google.common.collect.Iterables.elementsEqual(Ljava/lang/Iterable;Ljava/lang/Iterable;)Z @ 36
Event: 3240.935 Thread 0x0000000018e10800 Uncommon trap: reason=class_check action=maybe_recompile pc=0x0000000003c1ced8 method=com.google.common.collect.ImmutableMap.copyOf(Ljava/util/Map;)Lcom/google/common/collect/ImmutableMap; @ 15
Event: 5746.907 Thread 0x0000000018e0d800 Uncommon trap: reason=class_check action=maybe_recompile pc=0x00000000039dcde0 method=java.lang.reflect.Array.newInstance(Ljava/lang/Class;I)Ljava/lang/Object; @ 2
Event: 5746.912 Thread 0x0000000018e0d800 Uncommon trap: reason=bimorphic action=maybe_recompile pc=0x0000000005fba814 method=java.io.DataInputStream.readChar()C @ 4
Event: 5746.923 Thread 0x0000000018e0d800 Uncommon trap: reason=bimorphic action=maybe_recompile pc=0x0000000005fba814 method=java.io.DataInputStream.readChar()C @ 4
Event: 5746.923 Thread 0x0000000018e0d800 Uncommon trap: reason=bimorphic action=maybe_recompile pc=0x0000000005fba814 method=java.io.DataInputStream.readChar()C @ 4
Event: 5746.923 Thread 0x0000000018e0d800 Uncommon trap: reason=bimorphic action=maybe_recompile pc=0x0000000005fba814 method=java.io.DataInputStream.readChar()C @ 4

Classes redefined (0 events):
No events

Internal exceptions (10 events):
Event: 3217.081 Thread 0x000000001c06f800 Implicit null exception at 0x0000000004fd77de to 0x0000000004fd7909
Event: 3220.208 Thread 0x000000001c06f800 Exception <a 'java/net/SocketTimeoutException': Read timed out> (0x00000000e229c158) thrown at [D:\src\AOSP-openjdk-cygwin\jdk8u\hotspot\src\share\vm\prims\jni.cpp, line 735]
Event: 3222.073 Thread 0x000000001c076800 Implicit null exception at 0x0000000005f7c178 to 0x0000000005f7f119
Event: 3225.804 Thread 0x0000000018e10000 Exception <a 'java/net/SocketTimeoutException': Read timed out> (0x00000000e283c1c0) thrown at [D:\src\AOSP-openjdk-cygwin\jdk8u\hotspot\src\share\vm\prims\jni.cpp, line 735]
Event: 3235.815 Thread 0x000000001c06f800 Implicit null exception at 0x0000000004145a39 to 0x0000000004146f1d
Event: 3235.819 Thread 0x000000001c06f800 Exception <a 'java/lang/IncompatibleClassChangeError': Found class java.lang.Object, but interface was expected> (0x00000000e48dee18) thrown at [D:\src\AOSP-openjdk-cygwin\jdk8u\hotspot\src\share\vm\interpreter\linkResolver.cpp, line 643]
Event: 3235.976 Thread 0x000000001c070800 Exception <a 'java/lang/NoSuchMethodError': <clinit>> (0x00000000e4e2cfd8) thrown at [D:\src\AOSP-openjdk-cygwin\jdk8u\hotspot\src\share\vm\prims\jni.cpp, line 1613]
Event: 3235.978 Thread 0x000000001c070800 Exception <a 'java/lang/NoSuchMethodError': <clinit>> (0x00000000e4e467d8) thrown at [D:\src\AOSP-openjdk-cygwin\jdk8u\hotspot\src\share\vm\prims\jni.cpp, line 1613]
Event: 5748.026 Thread 0x0000000018e13000 Exception <a 'java/lang/ClassNotFoundException': sync_java_lib1_83ha5rahecd4yuqjvblp04prjBeanInfo> (0x00000000e0891ef8) thrown at [D:\src\AOSP-openjdk-cygwin\jdk8u\hotspot\src\share\vm\classfile\systemDictionary.cpp, line 210]
Event: 5748.031 Thread 0x0000000018e13000 Exception <a 'java/lang/ClassNotFoundException': sync_java_lib1_83ha5rahecd4yuqjvblp04prjCustomizer> (0x00000000e089e2b0) thrown at [D:\src\AOSP-openjdk-cygwin\jdk8u\hotspot\src\share\vm\classfile\systemDictionary.cpp, line 210]

Events (10 events):
Event: 5748.029 loading class sync_java_lib1_83ha5rahecd4yuqjvblp04prjCustomizer
Event: 5748.029 loading class sync_java_lib1_83ha5rahecd4yuqjvblp04prjCustomizer done
Event: 5748.075 Executing VM operation: RevokeBias
Event: 5748.076 Executing VM operation: RevokeBias done
Event: 5748.076 Executing VM operation: RevokeBias
Event: 5748.076 Executing VM operation: RevokeBias done
Event: 5748.076 Executing VM operation: RevokeBias
Event: 5748.077 Executing VM operation: RevokeBias done
Event: 5748.078 loading class org/codehaus/groovy/reflection/ClassInfo
Event: 5748.078 loading class org/codehaus/groovy/reflection/ClassInfo done


Dynamic libraries:
0x00007ff749fc0000 - 0x00007ff749ff1000 	D:\Android\Android Studio\jre\bin\java.exe
0x00007ffe260d0000 - 0x00007ffe262b1000 	C:\WINDOWS\SYSTEM32\ntdll.dll
0x00007ffe241d0000 - 0x00007ffe24281000 	C:\WINDOWS\System32\KERNEL32.DLL
0x00007ffe226f0000 - 0x00007ffe22963000 	C:\WINDOWS\System32\KERNELBASE.dll
0x00007ffe25e30000 - 0x00007ffe25ed1000 	C:\WINDOWS\System32\ADVAPI32.dll
0x00007ffe25ee0000 - 0x00007ffe25f7e000 	C:\WINDOWS\System32\msvcrt.dll
0x00007ffe24430000 - 0x00007ffe2448b000 	C:\WINDOWS\System32\sechost.dll
0x00007ffe23890000 - 0x00007ffe239b4000 	C:\WINDOWS\System32\RPCRT4.dll
0x00007ffe23630000 - 0x00007ffe237c0000 	C:\WINDOWS\System32\USER32.dll
0x00007ffe23540000 - 0x00007ffe23560000 	C:\WINDOWS\System32\win32u.dll
0x00007ffe25ac0000 - 0x00007ffe25ae8000 	C:\WINDOWS\System32\GDI32.dll
0x00007ffe233a0000 - 0x00007ffe23532000 	C:\WINDOWS\System32\gdi32full.dll
0x00007ffe22970000 - 0x00007ffe22a0f000 	C:\WINDOWS\System32\msvcp_win.dll
0x00007ffe232a0000 - 0x00007ffe23398000 	C:\WINDOWS\System32\ucrtbase.dll
0x00007ffe16ec0000 - 0x00007ffe17129000 	C:\WINDOWS\WinSxS\amd64_microsoft.windows.common-controls_6595b64144ccf1df_6.0.17134.765_none_fb42a1a930655896\COMCTL32.dll
0x00007ffe25b00000 - 0x00007ffe25e22000 	C:\WINDOWS\System32\combase.dll
0x00007ffe22a10000 - 0x00007ffe22a8a000 	C:\WINDOWS\System32\bcryptPrimitives.dll
0x00007ffe258d0000 - 0x00007ffe258fd000 	C:\WINDOWS\System32\IMM32.DLL
0x00000000596e0000 - 0x00000000597b2000 	D:\Android\Android Studio\jre\jre\bin\msvcr100.dll
0x0000000059af0000 - 0x000000005a331000 	D:\Android\Android Studio\jre\jre\bin\server\jvm.dll
0x00007ffe25af0000 - 0x00007ffe25af8000 	C:\WINDOWS\System32\PSAPI.DLL
0x00007ffe1de30000 - 0x00007ffe1de53000 	C:\WINDOWS\SYSTEM32\WINMM.dll
0x00007ffe1ee70000 - 0x00007ffe1ee79000 	C:\WINDOWS\SYSTEM32\WSOCK32.dll
0x00007ffe17240000 - 0x00007ffe1724a000 	C:\WINDOWS\SYSTEM32\VERSION.dll
0x00007ffe23f80000 - 0x00007ffe23fec000 	C:\WINDOWS\System32\WS2_32.dll
0x00007ffe1de00000 - 0x00007ffe1de2a000 	C:\WINDOWS\SYSTEM32\winmmbase.dll
0x00007ffe22a90000 - 0x00007ffe22ad9000 	C:\WINDOWS\System32\cfgmgr32.dll
0x00007ffe1ee60000 - 0x00007ffe1ee6f000 	D:\Android\Android Studio\jre\jre\bin\verify.dll
0x00007ffe10c10000 - 0x00007ffe10c39000 	D:\Android\Android Studio\jre\jre\bin\java.dll
0x00007ffe1de80000 - 0x00007ffe1de96000 	D:\Android\Android Studio\jre\jre\bin\zip.dll
0x00007ffe24490000 - 0x00007ffe258d0000 	C:\WINDOWS\System32\SHELL32.dll
0x00007ffe25f80000 - 0x00007ffe26029000 	C:\WINDOWS\System32\shcore.dll
0x00007ffe22b90000 - 0x00007ffe2329d000 	C:\WINDOWS\System32\windows.storage.dll
0x00007ffe25900000 - 0x00007ffe25951000 	C:\WINDOWS\System32\shlwapi.dll
0x00007ffe22400000 - 0x00007ffe22411000 	C:\WINDOWS\System32\kernel.appcore.dll
0x00007ffe22480000 - 0x00007ffe2249f000 	C:\WINDOWS\System32\profapi.dll
0x00007ffe22430000 - 0x00007ffe2247c000 	C:\WINDOWS\System32\powrprof.dll
0x00007ffe22420000 - 0x00007ffe2242a000 	C:\WINDOWS\System32\FLTLIB.DLL
0x00007ffe04890000 - 0x00007ffe048aa000 	D:\Android\Android Studio\jre\jre\bin\net.dll
0x00007ffe21c60000 - 0x00007ffe21cc6000 	C:\WINDOWS\system32\mswsock.dll
0x00007ffe037c0000 - 0x00007ffe037d1000 	D:\Android\Android Studio\jre\jre\bin\nio.dll
0x00007ffe10bc0000 - 0x00007ffe10bde000 	C:\Users\yangtianhua\.gradle\native\25\windows-amd64\native-platform.dll
0x00007ffe17ce0000 - 0x00007ffe17ced000 	D:\Android\Android Studio\jre\jre\bin\management.dll
0x00007ffe21e10000 - 0x00007ffe21e27000 	C:\WINDOWS\SYSTEM32\CRYPTSP.dll
0x00007ffe21840000 - 0x00007ffe21873000 	C:\WINDOWS\system32\rsaenh.dll
0x00007ffe21f40000 - 0x00007ffe21f65000 	C:\WINDOWS\SYSTEM32\bcrypt.dll
0x00007ffe222e0000 - 0x00007ffe22308000 	C:\WINDOWS\SYSTEM32\USERENV.dll
0x00007ffe21e30000 - 0x00007ffe21e3b000 	C:\WINDOWS\SYSTEM32\CRYPTBASE.dll
0x00007ffe219e0000 - 0x00007ffe21a18000 	C:\WINDOWS\SYSTEM32\IPHLPAPI.DLL
0x00007ffe23560000 - 0x00007ffe23568000 	C:\WINDOWS\System32\NSI.dll
0x00007ffe192d0000 - 0x00007ffe192e6000 	C:\WINDOWS\SYSTEM32\dhcpcsvc6.DLL
0x00007ffe192b0000 - 0x00007ffe192ca000 	C:\WINDOWS\SYSTEM32\dhcpcsvc.DLL
0x00007ffdfbd00000 - 0x00007ffdfbd24000 	D:\Android\Android Studio\jre\jre\bin\sunec.dll
0x00007ffe21a20000 - 0x00007ffe21ade000 	C:\WINDOWS\SYSTEM32\DNSAPI.dll
0x00007ffe17ee0000 - 0x00007ffe17eea000 	C:\Windows\System32\rasadhlp.dll
0x00007ffe184b0000 - 0x00007ffe18522000 	C:\WINDOWS\System32\fwpuclnt.dll
0x00007ffe11c30000 - 0x00007ffe11c3b000 	D:\Android\Android Studio\jre\jre\bin\sunmscapi.dll
0x00007ffe22500000 - 0x00007ffe226e2000 	C:\WINDOWS\System32\CRYPT32.dll
0x00007ffe223e0000 - 0x00007ffe223f2000 	C:\WINDOWS\System32\MSASN1.dll

VM Arguments:
jvm_args: -Xmx1536m -Dfile.encoding=GBK -Duser.country=CN -Duser.language=zh -Duser.variant 
java_command: org.gradle.launcher.daemon.bootstrap.GradleDaemon 5.1.1
java_class_path (initial): C:\Users\yangtianhua\.gradle\wrapper\dists\gradle-5.1.1-all\97z1ksx6lirer3kbvdnh7jtjg\gradle-5.1.1\lib\gradle-launcher-5.1.1.jar
Launcher Type: SUN_STANDARD

Environment Variables:
JAVA_HOME=C:\Program Files\Java\jdk1.8.0_131
CLASSPATH=.;C:\Program Files\Java\jdk1.8.0_131\lib;C:\Program Files\Java\jdk1.8.0_131\lib\tools.jar
PATH=C:\ProgramData\Oracle\Java\javapath;C:\Program Files\Microsoft MPI\Bin\;C:\Program Files (x86)\Common Files\Intel\Shared Libraries\redist\intel64\compiler;C:\WINDOWS\system32;C:\WINDOWS;C:\WINDOWS\System32\Wbem;C:\WINDOWS\System32\WindowsPowerShell\v1.0\;C:\Program Files\Java\jdk1.8.0_131/bin;C:\Program Files\Java\jdk1.8.0_131/jre/bin;C:\Program Files\Common Files\Autodesk Shared\;C:\Program Files (x86)\Autodesk\Backburner\;D:\apache_tomcat\bin;C:\WINDOWS\System32\OpenSSH\;C:\Program Files (x86)\Apache Software Foundation\Tomcat 7.0\bin;C:\Program Files\Microsoft SQL Server\Client SDK\ODBC\130\Tools\Binn\;C:\Program Files (x86)\Microsoft SQL Server\130\Tools\Binn\;C:\Program Files\Microsoft SQL Server\130\Tools\Binn\;C:\Program Files\Microsoft SQL Server\130\DTS\Binn\;C:\Program Files (x86)\Microsoft SQL Server\Client SDK\ODBC\130\Tools\Binn\;C:\Program Files (x86)\Microsoft SQL Server\140\Tools\Binn\;C:\Program Files (x86)\Microsoft SQL Server\140\DTS\Binn\;C:\Program Files (x86)\Microsoft SQL Server\140\Tools\Binn\ManagementStudio\;C:\Program Files\Java\jdk1.8.0_131\bin;C:\Program Files\Git\cmd;C:\Users\yangtianhua\AppData\Local\Microsoft\WindowsApps;
USERNAME=yangtianhua
OS=Windows_NT
PROCESSOR_IDENTIFIER=Intel64 Family 6 Model 142 Stepping 9, GenuineIntel



---------------  S Y S T E M  ---------------

OS: Windows 10.0 , 64 bit Build 17134 (10.0.17134.753)

CPU:total 4 (initial active 4) (2 cores per cpu, 2 threads per core) family 6 model 142 stepping 9, cmov, cx8, fxsr, mmx, sse, sse2, sse3, ssse3, sse4.1, sse4.2, popcnt, avx, avx2, aes, clmul, erms, 3dnowpref, lzcnt, ht, tsc, tscinvbit, bmi1, bmi2, adx

Memory: 4k page, physical 4033548k(250248k free), swap 7965708k(6288k free)

vm_info: OpenJDK 64-Bit Server VM (25.152-b01) for windows-amd64 JRE (1.8.0_152-release-1343-b01), built by "builder" with MS VC++ 10.0 (VS2010)

time: Fri Jun 14 01:02:55 2019
elapsed time: 5749 seconds (0d 1h 35m 49s)

